<?xml version="1.0" encoding="UTF-8"?><testrun name="MuestraTest" project="camiDraft" tests="4" started="4" failures="1" errors="0" ignored="0">
  <testsuite name="unq.cazaDeVinchucas.modelo.MuestraTest" time="1.193" displayname="MuestraTest" uniqueid="[engine:junit-vintage]/[runner:unq.cazaDeVinchucas.modelo.MuestraTest]">
    <testcase name="agregarOpinion" classname="unq.cazaDeVinchucas.modelo.MuestraTest" time="1.152" displayname="agregarOpinion" uniqueid="[engine:junit-vintage]/[runner:unq.cazaDeVinchucas.modelo.MuestraTest]/[test:agregarOpinion(unq.cazaDeVinchucas.modelo.MuestraTest)]"/>
    <testcase name="settersYGetters" classname="unq.cazaDeVinchucas.modelo.MuestraTest" time="0.004" displayname="settersYGetters" uniqueid="[engine:junit-vintage]/[runner:unq.cazaDeVinchucas.modelo.MuestraTest]/[test:settersYGetters(unq.cazaDeVinchucas.modelo.MuestraTest)]"/>
    <testcase name="listaResultadosExpertos" classname="unq.cazaDeVinchucas.modelo.MuestraTest" time="0.028" displayname="listaResultadosExpertos" uniqueid="[engine:junit-vintage]/[runner:unq.cazaDeVinchucas.modelo.MuestraTest]/[test:listaResultadosExpertos(unq.cazaDeVinchucas.modelo.MuestraTest)]">
      <failure>java.lang.AssertionError: expected:&lt;[Experto]&gt; but was:&lt;[Mock for Opinion, hashCode: 997918120]&gt;&#13;
	at org.junit.Assert.fail(Assert.java:89)&#13;
	at org.junit.Assert.failNotEquals(Assert.java:835)&#13;
	at org.junit.Assert.assertEquals(Assert.java:120)&#13;
	at org.junit.Assert.assertEquals(Assert.java:146)&#13;
	at unq.cazaDeVinchucas.modelo.MuestraTest.listaResultadosExpertos(MuestraTest.java:90)&#13;
	at java.base/java.lang.reflect.Method.invoke(Method.java:580)&#13;
&#13;
</failure>
    </testcase>
    <testcase name="listaResultados" classname="unq.cazaDeVinchucas.modelo.MuestraTest" time="0.006" displayname="listaResultados" uniqueid="[engine:junit-vintage]/[runner:unq.cazaDeVinchucas.modelo.MuestraTest]/[test:listaResultados(unq.cazaDeVinchucas.modelo.MuestraTest)]"/>
  </testsuite>
</testrun>
